make all --print-data-base --no-builtin-variables --no-builtin-rules --question
# GNU Make 4.2.1
# Built for x86_64-pc-linux-gnu
# Copyright (C) 1988-2016 Free Software Foundation, Inc.
# License GPLv3+: GNU GPL version 3 or later <http://gnu.org/licenses/gpl.html>
# This is free software: you are free to change and redistribute it.
# There is NO WARRANTY, to the extent permitted by law.

# Make data base, printed on Thu May 26 15:42:41 2022

# Variables

# 'override' directive
GNUMAKEFLAGS := 
# automatic
<D = $(patsubst %/,%,$(dir $<))
# automatic
?F = $(notdir $?)
# environment
DESKTOP_SESSION = ubuntu
# default
.SHELLFLAGS := -c
# makefile (from 'Makefile', line 18)
OBJ = $(SRC:$(SRCDIR)/%$(EXT)=$(OBJDIR)/%.o)
# environment
XDG_SESSION_CLASS = user
# makefile (from 'Makefile', line 17)
SRC = $(wildcard $(SRCDIR)/*$(EXT))
# environment
SNAP_COMMON = /var/snap/code/common
# environment
XDG_SESSION_TYPE = x11
# environment
VSCODE_LOG_NATIVE = false
# automatic
?D = $(patsubst %/,%,$(dir $?))
# environment
IM_CONFIG_PHASE = 1
# automatic
@D = $(patsubst %/,%,$(dir $@))
# environment
XAUTHORITY = /run/user/1000/gdm/Xauthority
# environment
GDMSESSION = ubuntu
# environment
XMODIFIERS = @im=ibus
# makefile
CURDIR := /home/iaa/Desktop/universalGit/ApplicationG/p1349variableArgList
# makefile
SHELL = /bin/sh
# makefile (from 'Makefile', line 21)
RM = rm
# environment
SNAP_DATA = /var/snap/code/97
# environment
VSCODE_NLS_CONFIG = {"locale":"ru","availableLanguages":{"*":"ru"},"_languagePackId":"6c87e287770fa80b3245e0a037b935fb.ru","_translationsConfigFile":"/home/iaa/.config/Code/clp/6c87e287770fa80b3245e0a037b935fb.ru/tcf.json","_cacheRoot":"/home/iaa/.config/Code/clp/6c87e287770fa80b3245e0a037b935fb.ru","_resolvedLanguagePackCoreLocation":"/home/iaa/.config/Code/clp/6c87e287770fa80b3245e0a037b935fb.ru/c3511e6c69bb39013c4a4b7b9566ec1ca73fc4d5","_corruptedFile":"/home/iaa/.config/Code/clp/6c87e287770fa80b3245e0a037b935fb.ru/corrupted.info","_languagePackSupport":true}
# environment
JOURNAL_STREAM = 8:44266
# environment
XDG_CONFIG_DIRS = /etc/xdg/xdg-ubuntu:/etc/xdg
# environment
SNAP_INSTANCE_NAME = code
# environment
SNAP_ARCH = amd64
# makefile (from '1349.d', line 1)
MAKEFILE_LIST :=  Makefile 1349.d
# automatic
@F = $(notdir $@)
# environment
GIO_LAUNCHED_DESKTOP_FILE = /var/lib/snapd/desktop/applications/code_code.desktop
# environment
USERNAME = iaa
# makefile (from 'Makefile', line 7)
CXXFLAGS = -std=c++11 -Wall
# environment
XDG_DATA_DIRS = /usr/share/ubuntu:/usr/local/share/:/usr/share/:/var/lib/snapd/desktop
# environment
DBUS_SESSION_BUS_ADDRESS = unix:path=/run/user/1000/bus
# environment
VSCODE_VERBOSE_LOGGING = true
# environment
_ = /snap/code/97/usr/share/code/code
# makefile (from 'Makefile', line 24)
DEL = del
# environment
MANAGERPID = 1388
# environment
LESSOPEN = | /usr/bin/lesspipe %s
# environment
VSCODE_CWD = /home/iaa
# environment
GSETTINGS_SCHEMA_DIR = /snap/code/97/usr/share/glib-2.0/schemas
# default
MAKE_HOST := x86_64-pc-linux-gnu
# environment
PATH = /usr/local/sbin:/usr/local/bin:/usr/sbin:/usr/bin:/sbin:/bin:/usr/games:/usr/local/games:/snap/bin
# environment
GPG_AGENT_INFO = /run/user/1000/gnupg/S.gpg-agent:0:1
# makefile (from 'Makefile', line 19)
DEP = $(OBJ:$(OBJDIR)/%.o=%.d)
# environment
SESSION_MANAGER = local/iaa-Inspiron-7720:@/tmp/.ICE-unix/1650,unix/iaa-Inspiron-7720:/tmp/.ICE-unix/1650
# environment
XDG_RUNTIME_DIR = /run/user/1000
# environment
GDK_PIXBUF_MODULE_FILE = /home/iaa/snap/code/common/.cache/gdk-pixbuf-loaders.cache
# environment
SNAP = /snap/code/97
# environment
SNAP_VERSION = c3511e6c
# environment
XDG_MENU_PREFIX = gnome-
# environment
VSCODE_LOG_STACK = false
# environment
DISABLE_WAYLAND = 1
# environment
ELECTRON_RUN_AS_NODE = 1
# environment
INVOCATION_ID = 79a5c2505aaf456c9216ef26d3351458
# makefile (from 'Makefile', line 8)
LDFLAGS = 
# environment
GDK_PIXBUF_MODULEDIR = /snap/code/97/usr/lib/x86_64-linux-gnu/gdk-pixbuf-2.0/2.10.0/loaders
# default
.FEATURES := target-specific order-only second-expansion else-if shortest-stem undefine oneshell archives jobserver output-sync check-symlink load
# environment
LS_COLORS = 
# environment
XDG_SESSION_DESKTOP = ubuntu
# environment
SSH_AUTH_SOCK = /run/user/1000/keyring/ssh
# environment
GIO_LAUNCHED_DESKTOP_FILE_PID = 9345
# automatic
%F = $(notdir $%)
# environment
DISPLAY = :0
# makefile (from 'Makefile', line 13)
SRCDIR = /home/iaa/Desktop/universalGit/ApplicationG/p1349variableArgList
# environment
VSCODE_PIPE_LOGGING = true
# environment
SNAP_INSTANCE_KEY = 
# environment
PWD = /home/iaa/Desktop/universalGit/ApplicationG/p1349variableArgList
# default
.LOADED := 
# environment
SSH_AGENT_PID = 1614
# environment
ORIGINAL_XDG_CURRENT_DESKTOP = ubuntu:GNOME
# environment
GTK_MODULES = gail:atk-bridge
# environment
VSCODE_AMD_ENTRYPOINT = vs/workbench/api/node/extensionHostProcess
# environment
HOME = /home/iaa
# environment
LESSCLOSE = /usr/bin/lesspipe %s %s
# environment
VSCODE_CLI = 1
# environment
VSCODE_CODE_CACHE_PATH = /home/iaa/.config/Code/CachedData/c3511e6c69bb39013c4a4b7b9566ec1ca73fc4d5
# environment
LOGNAME = iaa
# environment
APPLICATION_INSIGHTS_NO_DIAGNOSTIC_CHANNEL = 1
# makefile (from 'Makefile', line 22)
DELOBJ = $(OBJ)
# environment
SNAP_LIBRARY_PATH = /var/lib/snapd/lib/gl:/var/lib/snapd/lib/gl32:/var/lib/snapd/void
# environment
SNAP_CONTEXT = wLwQd92W3olo1obVSQ8hWlWS5-0PvoGqvDBirg5P_HLMOeEywYKT
# environment
ELECTRON_NO_ATTACH_CONSOLE = 1
# environment
SNAP_USER_COMMON = /home/iaa/snap/code/common
# environment
VSCODE_HANDLES_UNCAUGHT_ERRORS = true
# environment
GNOME_DESKTOP_SESSION_ID = this-is-deprecated
# automatic
^D = $(patsubst %/,%,$(dir $^))
# environment
MAKELEVEL := 0
# environment
SNAP_REAL_HOME = /home/iaa
# default
MAKE = $(MAKE_COMMAND)
# default
MAKECMDGOALS := all
# environment
QT_IM_MODULE = ibus
# environment
SNAP_USER_DATA = /home/iaa/snap/code/97
# environment
SHLVL = 0
# makefile (from 'Makefile', line 6)
CC = g++
# environment
GNOME_SHELL_SESSION_MODE = ubuntu
# environment
VSCODE_IPC_HOOK_EXTHOST = /run/user/1000/vscode-ipc-bbd8daa6-ff50-4dbb-9a59-c28bf0d3bb4f.sock
# default
MAKE_VERSION := 4.2.1
# environment
USER = iaa
# environment
SNAP_REVISION = 97
# makefile
.DEFAULT_GOAL := all
# environment
XDG_CURRENT_DESKTOP = Unity
# automatic
%D = $(patsubst %/,%,$(dir $%))
# default
MAKE_COMMAND := make
# default
.VARIABLES := 
# automatic
*F = $(notdir $*)
# environment
LANGUAGE = ru_UA:ru
# environment
VSCODE_IPC_HOOK = /run/user/1000/vscode-e3d5f540-1.67.2-main.sock
# environment
BAMF_DESKTOP_FILE_HINT = /var/lib/snapd/desktop/applications/code_code.desktop
# makefile (from 'Makefile', line 12)
EXT = .cpp
# makefile
MAKEFLAGS = pqrR
# environment
MFLAGS = -pqrR
# automatic
*D = $(patsubst %/,%,$(dir $*))
# automatic
+D = $(patsubst %/,%,$(dir $+))
# environment
GDK_BACKEND = x11
# automatic
+F = $(notdir $+)
# makefile (from 'Makefile', line 11)
APPNAME = 1349
# environment
QT_ACCESSIBILITY = 1
# default
MAKEFILES := 
# environment
SNAP_COOKIE = wLwQd92W3olo1obVSQ8hWlWS5-0PvoGqvDBirg5P_HLMOeEywYKT
# automatic
<F = $(notdir $<)
# makefile (from 'Makefile', line 14)
OBJDIR = obj
# environment
SNAP_NAME = code
# environment
LC_ALL = C
# makefile (from 'Makefile', line 26)
WDELOBJ = $(SRC:$(SRCDIR)/%$(EXT)=$(OBJDIR)\\%.o)
# environment
GJS_DEBUG_TOPICS = JS ERROR;JS LOG
# automatic
^F = $(notdir $^)
# default
SUFFIXES := 
# environment
SNAP_REEXEC = 
# environment
CHROME_DESKTOP = code-url-handler.desktop
# environment
WINDOWPATH = 2
# default
.INCLUDE_DIRS = /usr/include /usr/local/include /usr/include
# environment
GJS_DEBUG_OUTPUT = stderr
# default
.RECIPEPREFIX := 
# makefile (from 'Makefile', line 25)
EXE = .exe
# environment
LANG = C
# environment
VSCODE_PID = 9395
# variable set hash-table stats:
# Load=136/1024=13%, Rehash=0, Collisions=36/186=19%

# Pattern-specific Variable Values

# No pattern-specific variable values.
 

# Directories

# . (device 2054, inode 7738399): 9 files, no impossibilities.
# /home/iaa/Desktop/universalGit/ApplicationG/p1349variableArgList (device 2054, inode 7738399): 9 files, no impossibilities.

# 18 files, no impossibilities in 2 directories.

# Implicit Rules

%.d: /home/iaa/Desktop/universalGit/ApplicationG/p1349variableArgList/%.cpp
#  recipe to execute (from 'Makefile', line 40):
	@$(CPP) $(CFLAGS) $< -MM -MT $(@:%.d=$(OBJDIR)/%.o) >$@

obj/%.o: /home/iaa/Desktop/universalGit/ApplicationG/p1349variableArgList/%.cpp
#  recipe to execute (from 'Makefile', line 47):
	$(CC) $(CXXFLAGS) -o $@ -c $<

# 2 implicit rules, 0 (0.0%) terminal.

# Files

all: 1349
#  Command line target.
#  Implicit rule search has been done.
#  File does not exist.
#  File has been updated.
#  Successfully updated.

.PHONY: clean cleandep cleanw cleandepw
#  Implicit rule search has not been done.
#  Modification time never checked.
#  File has not been updated.

1349: obj/1349.o
#  Implicit rule search has not been done.
#  Last modified 2022-05-26 15:37:03.908324702
#  File has been updated.
#  Successfully updated.
#  recipe to execute (from 'Makefile', line 36):
	$(CC) $(CXXFLAGS) -o $@ $^ $(LDFLAGS)

# Not a target:
Makefile:
#  Implicit rule search has been done.
#  Last modified 2022-05-26 15:28:28.028297486
#  File has been updated.
#  Successfully updated.

cleanw:
#  Phony target (prerequisite of .PHONY).
#  Implicit rule search has not been done.
#  File does not exist.
#  File has not been updated.
#  recipe to execute (from 'Makefile', line 64):
	$(DEL) $(WDELOBJ) $(DEP) $(APPNAME)$(EXE)

# Not a target:
.DEFAULT:
#  Implicit rule search has not been done.
#  Modification time never checked.
#  File has not been updated.

cleandep:
#  Phony target (prerequisite of .PHONY).
#  Implicit rule search has not been done.
#  File does not exist.
#  File has not been updated.
#  recipe to execute (from 'Makefile', line 58):
	$(RM) $(DEP)

cleandepw:
#  Phony target (prerequisite of .PHONY).
#  Implicit rule search has not been done.
#  File does not exist.
#  File has not been updated.
#  recipe to execute (from 'Makefile', line 69):
	$(DEL) $(DEP)

clean:
#  Phony target (prerequisite of .PHONY).
#  Implicit rule search has not been done.
#  File does not exist.
#  File has not been updated.
#  recipe to execute (from 'Makefile', line 53):
	$(RM) $(DELOBJ) $(DEP) $(APPNAME)

# Not a target:
/home/iaa/Desktop/universalGit/ApplicationG/p1349variableArgList/1349.cpp:
#  Implicit rule search has been done.
#  Last modified 2022-05-26 15:36:57.820371758
#  File has been updated.
#  Successfully updated.

obj/1349.o: /home/iaa/Desktop/universalGit/ApplicationG/p1349variableArgList/1349.cpp /home/iaa/Desktop/universalGit/ApplicationG/p1349variableArgList/1349.cpp
#  Implicit rule search has been done.
#  Implicit/static pattern stem: '1349'
#  Last modified 2022-05-26 15:37:03.812325444
#  File has been updated.
#  Successfully updated.
#  recipe to execute (from 'Makefile', line 47):
	$(CC) $(CXXFLAGS) -o $@ -c $<

1349.d: /home/iaa/Desktop/universalGit/ApplicationG/p1349variableArgList/1349.cpp
#  Implicit rule search has been done.
#  Implicit/static pattern stem: '1349'
#  Last modified 2022-05-26 15:42:40.581718802
#  File has been updated.
#  Successfully updated.
#  recipe to execute (from 'Makefile', line 40):
	@$(CPP) $(CFLAGS) $< -MM -MT $(@:%.d=$(OBJDIR)/%.o) >$@

# files hash-table stats:
# Load=13/1024=1%, Rehash=0, Collisions=0/46=0%
# VPATH Search Paths

# No 'vpath' search paths.

# No general ('VPATH' variable) search path.

# strcache buffers: 1 (0) / strings = 25 / storage = 378 B / avg = 15 B
# current buf: size = 8162 B / used = 378 B / count = 25 / avg = 15 B

# strcache performance: lookups = 60 / hit rate = 58%
# hash-table stats:
# Load=25/8192=0%, Rehash=0, Collisions=1/60=2%
# Finished Make data base on Thu May 26 15:42:41 2022

 
