  TreeSearch.cpp
C:\Users\ivano\OneDrive\Рабочий стол\TempGit\MFR2021\Chapter20\TreeSearch\TreeSearch\TreeSearch\Tree.h(26,1): error C2512: TreeNode<NODETYPE>: нет подходящего конструктора по умолчанию
          with
          [
              NODETYPE=int
          ]
C:\Users\ivano\OneDrive\Рабочий стол\TempGit\MFR2021\Chapter20\TreeSearch\TreeSearch\TreeSearch\Tree.h(18,2): message : см. объявление "TreeNode<NODETYPE>"
          with
          [
              NODETYPE=int
          ]
C:\Users\ivano\OneDrive\Рабочий стол\TempGit\MFR2021\Chapter20\TreeSearch\TreeSearch\TreeSearch\Tree.h(26): message : во время компиляции функции-члена класс шаблон "Tree<int>::Tree(void)"
C:\Users\ivano\OneDrive\Рабочий стол\TempGit\MFR2021\Chapter20\TreeSearch\TreeSearch\TreeSearch\TreeSearch.cpp(14): message : выполняется компиляция ссылки на экземпляр шаблон функции "Tree<int>::Tree(void)"
C:\Users\ivano\OneDrive\Рабочий стол\TempGit\MFR2021\Chapter20\TreeSearch\TreeSearch\TreeSearch\TreeSearch.cpp(14): message : выполняется компиляция ссылки на экземпляр класс шаблон функции "Tree<int>"
C:\Users\ivano\OneDrive\Рабочий стол\TempGit\MFR2021\Chapter20\TreeSearch\TreeSearch\TreeSearch\Tree.h(32,1): error C2664: "void Tree<int>::insertNodeHelper(TreeNode<NODETYPE> **,const NODETYPE &)": невозможно преобразовать аргумент 1 из "TreeNode<NODETYPE> *" в "TreeNode<NODETYPE> **"
          with
          [
              NODETYPE=int
          ]
C:\Users\ivano\OneDrive\Рабочий стол\TempGit\MFR2021\Chapter20\TreeSearch\TreeSearch\TreeSearch\Tree.h(32,19): message : Типы, на которые указывают указатели, не связаны; для преобразования требуется reinterpret_cast, приведение в стиле С или приведение в стиле функции
C:\Users\ivano\OneDrive\Рабочий стол\TempGit\MFR2021\Chapter20\TreeSearch\TreeSearch\TreeSearch\Tree.h(19,7): message : см. объявление "Tree<int>::insertNodeHelper"
C:\Users\ivano\OneDrive\Рабочий стол\TempGit\MFR2021\Chapter20\TreeSearch\TreeSearch\TreeSearch\Tree.h(31): message : во время компиляции функции-члена класс шаблон "void Tree<int>::insertNode(const NODETYPE &)"
          with
          [
              NODETYPE=int
          ]
C:\Users\ivano\OneDrive\Рабочий стол\TempGit\MFR2021\Chapter20\TreeSearch\TreeSearch\TreeSearch\TreeSearch.cpp(20): message : выполняется компиляция ссылки на экземпляр шаблон функции "void Tree<int>::insertNode(const NODETYPE &)"
          with
          [
              NODETYPE=int
          ]
C:\Users\ivano\OneDrive\Рабочий стол\TempGit\MFR2021\Chapter20\TreeSearch\TreeSearch\TreeSearch\Tree.h(53,1): error C2664: "void Tree<int>::preOrderHelper(TreeNode<NODETYPE> *) const": невозможно преобразовать аргумент 1 из "const TreeNode<NODETYPE>" в "TreeNode<NODETYPE> *"
          with
          [
              NODETYPE=int
          ]
C:\Users\ivano\OneDrive\Рабочий стол\TempGit\MFR2021\Chapter20\TreeSearch\TreeSearch\TreeSearch\Tree.h(53,17): message : Для выполнения данного преобразования нет доступного оператора преобразования, определенного пользователем, или вызов оператора невозможен
C:\Users\ivano\OneDrive\Рабочий стол\TempGit\MFR2021\Chapter20\TreeSearch\TreeSearch\TreeSearch\Tree.h(20,7): message : см. объявление "Tree<int>::preOrderHelper"
C:\Users\ivano\OneDrive\Рабочий стол\TempGit\MFR2021\Chapter20\TreeSearch\TreeSearch\TreeSearch\Tree.h(52): message : во время компиляции функции-члена класс шаблон "void Tree<int>::preOrderTraversal(void) const"
C:\Users\ivano\OneDrive\Рабочий стол\TempGit\MFR2021\Chapter20\TreeSearch\TreeSearch\TreeSearch\TreeSearch.cpp(23): message : выполняется компиляция ссылки на экземпляр шаблон функции "void Tree<int>::preOrderTraversal(void) const"
