make all --print-data-base --no-builtin-variables --no-builtin-rules --question
# GNU Make 4.2.1
# Built for x86_64-pc-linux-gnu
# Copyright (C) 1988-2016 Free Software Foundation, Inc.
# License GPLv3+: GNU GPL version 3 or later <http://gnu.org/licenses/gpl.html>
# This is free software: you are free to change and redistribute it.
# There is NO WARRANTY, to the extent permitted by law.

# Make data base, printed on Tue Aug 23 14:08:55 2022

# Variables

# 'override' directive
GNUMAKEFLAGS := 
# automatic
<D = $(patsubst %/,%,$(dir $<))
# automatic
?F = $(notdir $?)
# environment
DESKTOP_SESSION = ubuntu
# default
.SHELLFLAGS := -c
# makefile (from 'Makefile', line 18)
OBJ = $(SRC:$(SRCDIR)/%$(EXT)=$(OBJDIR)/%.o)
# environment
XDG_SESSION_CLASS = user
# makefile (from 'Makefile', line 17)
SRC = $(wildcard $(SRCDIR)/*$(EXT))
# environment
SNAP_COMMON = /var/snap/code/common
# environment
XDG_SESSION_TYPE = x11
# automatic
?D = $(patsubst %/,%,$(dir $?))
# environment
IM_CONFIG_PHASE = 1
# automatic
@D = $(patsubst %/,%,$(dir $@))
# environment
XAUTHORITY = /run/user/1000/gdm/Xauthority
# environment
GDMSESSION = ubuntu
# environment
XMODIFIERS = @im=ibus
# makefile
CURDIR := /home/iaa/Desktop/gitStore/MFR2021/Chapter21/p1172bitDeskOfCards
# makefile
SHELL = /bin/sh
# makefile (from 'Makefile', line 21)
RM = rm
# environment
SNAP_DATA = /var/snap/code/105
# environment
VSCODE_NLS_CONFIG = {"locale":"en","availableLanguages":{},"_languagePackSupport":true}
# environment
JOURNAL_STREAM = 8:46803
# environment
XDG_CONFIG_DIRS = /etc/xdg/xdg-ubuntu:/etc/xdg
# environment
SNAP_INSTANCE_NAME = code
# environment
SNAP_ARCH = amd64
# makefile (from 'DeskOfCards.d', line 1)
MAKEFILE_LIST :=  Makefile doc.d DeskOfCards.d
# automatic
@F = $(notdir $@)
# environment
GIO_LAUNCHED_DESKTOP_FILE = /var/lib/snapd/desktop/applications/code_code.desktop
# environment
USERNAME = iaa
# makefile (from 'Makefile', line 7)
CXXFLAGS = -std=c++11 -Wall
# environment
XDG_DATA_DIRS = /usr/share/ubuntu:/usr/local/share/:/usr/share/:/var/lib/snapd/desktop
# environment
DBUS_SESSION_BUS_ADDRESS = unix:path=/run/user/1000/bus
# environment
_ = /snap/code/105/usr/share/code/code
# makefile (from 'Makefile', line 24)
DEL = del
# environment
MANAGERPID = 1587
# environment
LESSOPEN = | /usr/bin/lesspipe %s
# environment
VSCODE_CWD = /home/iaa
# environment
GSETTINGS_SCHEMA_DIR = /snap/code/105/usr/share/glib-2.0/schemas
# default
MAKE_HOST := x86_64-pc-linux-gnu
# environment
PATH = /usr/local/sbin:/usr/local/bin:/usr/sbin:/usr/bin:/sbin:/bin:/usr/games:/usr/local/games:/snap/bin
# environment
GPG_AGENT_INFO = /run/user/1000/gnupg/S.gpg-agent:0:1
# makefile (from 'Makefile', line 19)
DEP = $(OBJ:$(OBJDIR)/%.o=%.d)
# environment
SESSION_MANAGER = local/iaa-Inspiron-7720:@/tmp/.ICE-unix/1806,unix/iaa-Inspiron-7720:/tmp/.ICE-unix/1806
# environment
XDG_RUNTIME_DIR = /run/user/1000
# environment
GDK_PIXBUF_MODULE_FILE = /home/iaa/snap/code/common/.cache/gdk-pixbuf-loaders.cache
# environment
SNAP = /snap/code/105
# environment
SNAP_VERSION = e4503b30
# environment
XDG_MENU_PREFIX = gnome-
# environment
DISABLE_WAYLAND = 1
# environment
ELECTRON_RUN_AS_NODE = 1
# environment
INVOCATION_ID = 6f1c11b6f68e460b82115fc8071c3be7
# makefile (from 'Makefile', line 8)
LDFLAGS = 
# environment
GDK_PIXBUF_MODULEDIR = /snap/code/105/usr/lib/x86_64-linux-gnu/gdk-pixbuf-2.0/2.10.0/loaders
# default
.FEATURES := target-specific order-only second-expansion else-if shortest-stem undefine oneshell archives jobserver output-sync check-symlink load
# environment
LS_COLORS = 
# environment
XDG_SESSION_DESKTOP = ubuntu
# environment
SSH_AUTH_SOCK = /run/user/1000/keyring/ssh
# environment
GIO_LAUNCHED_DESKTOP_FILE_PID = 7053
# automatic
%F = $(notdir $%)
# environment
DISPLAY = :0
# makefile (from 'Makefile', line 13)
SRCDIR = /home/iaa/Desktop/gitStore/MFR2021/Chapter21/p1172bitDeskOfCards
# environment
SNAP_INSTANCE_KEY = 
# environment
PWD = /home/iaa/Desktop/gitStore/MFR2021/Chapter21/p1172bitDeskOfCards
# default
.LOADED := 
# environment
SSH_AGENT_PID = 1771
# environment
ORIGINAL_XDG_CURRENT_DESKTOP = ubuntu:GNOME
# environment
GTK_MODULES = gail:atk-bridge
# environment
VSCODE_AMD_ENTRYPOINT = vs/workbench/api/node/extensionHostProcess
# environment
HOME = /home/iaa
# environment
LESSCLOSE = /usr/bin/lesspipe %s %s
# environment
VSCODE_CLI = 1
# environment
VSCODE_CODE_CACHE_PATH = /home/iaa/.config/Code/CachedData/e4503b30fc78200f846c62cf8091b76ff5547662
# environment
LOGNAME = iaa
# environment
APPLICATION_INSIGHTS_NO_DIAGNOSTIC_CHANNEL = true
# makefile (from 'Makefile', line 22)
DELOBJ = $(OBJ)
# environment
SNAP_LIBRARY_PATH = /var/lib/snapd/lib/gl:/var/lib/snapd/lib/gl32:/var/lib/snapd/void
# environment
SNAP_CONTEXT = iSTUXgTjUZIQTWLVEZBbmq-im4fl73mSpEfX36dR1qpBbmryOXHu
# environment
ELECTRON_NO_ATTACH_CONSOLE = 1
# environment
SNAP_USER_COMMON = /home/iaa/snap/code/common
# environment
VSCODE_HANDLES_UNCAUGHT_ERRORS = true
# environment
GNOME_DESKTOP_SESSION_ID = this-is-deprecated
# automatic
^D = $(patsubst %/,%,$(dir $^))
# environment
MAKELEVEL := 0
# environment
SNAP_REAL_HOME = /home/iaa
# default
MAKE = $(MAKE_COMMAND)
# default
MAKECMDGOALS := all
# environment
QT_IM_MODULE = ibus
# environment
SNAP_USER_DATA = /home/iaa/snap/code/105
# environment
SHLVL = 0
# makefile (from 'Makefile', line 6)
CC = g++
# environment
GNOME_SHELL_SESSION_MODE = ubuntu
# default
MAKE_VERSION := 4.2.1
# environment
USER = iaa
# environment
SNAP_REVISION = 105
# makefile
.DEFAULT_GOAL := all
# environment
XDG_CURRENT_DESKTOP = Unity
# automatic
%D = $(patsubst %/,%,$(dir $%))
# default
MAKE_COMMAND := make
# default
.VARIABLES := 
# automatic
*F = $(notdir $*)
# environment
LANGUAGE = ru_UA:ru
# environment
VSCODE_IPC_HOOK = /run/user/1000/vscode-e3d5f540-1.70.2-main.sock
# environment
BAMF_DESKTOP_FILE_HINT = /var/lib/snapd/desktop/applications/code_code.desktop
# makefile (from 'Makefile', line 12)
EXT = .cpp
# makefile
MAKEFLAGS = pqrR
# environment
MFLAGS = -pqrR
# automatic
*D = $(patsubst %/,%,$(dir $*))
# automatic
+D = $(patsubst %/,%,$(dir $+))
# environment
GDK_BACKEND = x11
# automatic
+F = $(notdir $+)
# makefile (from 'Makefile', line 11)
APPNAME = doc
# environment
QT_ACCESSIBILITY = 1
# default
MAKEFILES := 
# environment
SNAP_COOKIE = iSTUXgTjUZIQTWLVEZBbmq-im4fl73mSpEfX36dR1qpBbmryOXHu
# automatic
<F = $(notdir $<)
# makefile (from 'Makefile', line 14)
OBJDIR = obj
# environment
SNAP_NAME = code
# environment
LC_ALL = C
# makefile (from 'Makefile', line 26)
WDELOBJ = $(SRC:$(SRCDIR)/%$(EXT)=$(OBJDIR)\\%.o)
# environment
GJS_DEBUG_TOPICS = JS ERROR;JS LOG
# automatic
^F = $(notdir $^)
# default
SUFFIXES := 
# environment
SNAP_REEXEC = 
# environment
CHROME_DESKTOP = code-url-handler.desktop
# environment
WINDOWPATH = 2
# default
.INCLUDE_DIRS = /usr/include /usr/local/include /usr/include
# environment
GJS_DEBUG_OUTPUT = stderr
# default
.RECIPEPREFIX := 
# makefile (from 'Makefile', line 25)
EXE = .exe
# environment
LANG = C
# environment
VSCODE_PID = 7103
# variable set hash-table stats:
# Load=131/1024=13%, Rehash=0, Collisions=35/188=19%

# Pattern-specific Variable Values

# No pattern-specific variable values.

# Directories

# . (device 2053, inode 43385413): 12 files, no impossibilities.
# /home/iaa/Desktop/gitStore/MFR2021/Chapter21/p1172bitDeskOfCards (device 2053, inode 43385413): 12 files, no impossibilities.

 
# 24 files, no impossibilities in 2 directories.

# Implicit Rules

%.d: /home/iaa/Desktop/gitStore/MFR2021/Chapter21/p1172bitDeskOfCards/%.cpp
#  recipe to execute (from 'Makefile', line 40):
	@$(CPP) $(CFLAGS) $< -MM -MT $(@:%.d=$(OBJDIR)/%.o) >$@

obj/%.o: /home/iaa/Desktop/gitStore/MFR2021/Chapter21/p1172bitDeskOfCards/%.cpp
#  recipe to execute (from 'Makefile', line 47):
	$(CC) $(CXXFLAGS) -o $@ -c $<

# 2 implicit rules, 0 (0.0%) terminal.

# Files

all: doc
#  Command line target.
#  Implicit rule search has been done.
#  File does not exist.
#  File has been updated.
#  Needs to be updated (-q is set).
# variable set hash-table stats:
# Load=0/32=0%, Rehash=0, Collisions=0/5=0%

.PHONY: clean cleandep cleanw cleandepw
#  Implicit rule search has not been done.
#  Modification time never checked.
#  File has not been updated.

obj/doc.o: /home/iaa/Desktop/gitStore/MFR2021/Chapter21/p1172bitDeskOfCards/doc.cpp /home/iaa/Desktop/gitStore/MFR2021/Chapter21/p1172bitDeskOfCards/doc.cpp /home/iaa/Desktop/gitStore/MFR2021/Chapter21/p1172bitDeskOfCards/DeskOfCards.h
#  Implicit rule search has been done.
#  Implicit/static pattern stem: 'doc'
#  File does not exist.
#  File has been updated.
#  Needs to be updated (-q is set).
# automatic
# @ := obj/doc.o
# automatic
# % := 
# automatic
# * := doc
# automatic
# + := /home/iaa/Desktop/gitStore/MFR2021/Chapter21/p1172bitDeskOfCards/doc.cpp /home/iaa/Desktop/gitStore/MFR2021/Chapter21/p1172bitDeskOfCards/doc.cpp /home/iaa/Desktop/gitStore/MFR2021/Chapter21/p1172bitDeskOfCards/DeskOfCards.h
# automatic
# | := 
# automatic
# < := /home/iaa/Desktop/gitStore/MFR2021/Chapter21/p1172bitDeskOfCards/doc.cpp
# automatic
# ^ := /home/iaa/Desktop/gitStore/MFR2021/Chapter21/p1172bitDeskOfCards/doc.cpp /home/iaa/Desktop/gitStore/MFR2021/Chapter21/p1172bitDeskOfCards/DeskOfCards.h
# automatic
# ? := /home/iaa/Desktop/gitStore/MFR2021/Chapter21/p1172bitDeskOfCards/doc.cpp /home/iaa/Desktop/gitStore/MFR2021/Chapter21/p1172bitDeskOfCards/DeskOfCards.h
# variable set hash-table stats:
# Load=8/32=25%, Rehash=0, Collisions=1/15=7%
#  recipe to execute (from 'Makefile', line 47):
	$(CC) $(CXXFLAGS) -o $@ -c $<

# Not a target:
Makefile:
#  Implicit rule search has been done.
#  Last modified 2022-08-03 13:16:16.36981822
#  File has been updated.
#  Successfully updated.

# Not a target:
/home/iaa/Desktop/gitStore/MFR2021/Chapter21/p1172bitDeskOfCards/DeskOfCards.h:
#  Implicit rule search has been done.
#  Last modified 2022-08-23 13:59:44.23851196
#  File has been updated.
#  Successfully updated.

# Not a target:
/home/iaa/Desktop/gitStore/MFR2021/Chapter21/p1172bitDeskOfCards/DeskOfCards.cpp:
#  Implicit rule search has been done.
#  Last modified 2022-08-23 13:59:44.23851196
#  File has been updated.
#  Successfully updated.

cleanw:
#  Phony target (prerequisite of .PHONY).
#  Implicit rule search has not been done.
#  File does not exist.
#  File has not been updated.
#  recipe to execute (from 'Makefile', line 64):
	$(DEL) $(WDELOBJ) $(DEP) $(APPNAME)$(EXE)

# Not a target:
/home/iaa/Desktop/gitStore/MFR2021/Chapter21/p1172bitDeskOfCards/doc.cpp:
#  Implicit rule search has been done.
#  Last modified 2022-08-23 13:59:44.242511935
#  File has been updated.
#  Successfully updated.

DeskOfCards.d: /home/iaa/Desktop/gitStore/MFR2021/Chapter21/p1172bitDeskOfCards/DeskOfCards.cpp
#  Implicit rule search has been done.
#  Implicit/static pattern stem: 'DeskOfCards'
#  Last modified 2022-08-23 14:08:54.45897956
#  File has been updated.
#  Successfully updated.
#  recipe to execute (from 'Makefile', line 40):
	@$(CPP) $(CFLAGS) $< -MM -MT $(@:%.d=$(OBJDIR)/%.o) >$@

# Not a target:
.DEFAULT:
#  Implicit rule search has not been done.
#  Modification time never checked.
#  File has not been updated.

cleandep:
#  Phony target (prerequisite of .PHONY).
#  Implicit rule search has not been done.
#  File does not exist.
#  File has not been updated.
#  recipe to execute (from 'Makefile', line 58):
	$(RM) $(DEP)

cleandepw:
#  Phony target (prerequisite of .PHONY).
#  Implicit rule search has not been done.
#  File does not exist.
#  File has not been updated.
#  recipe to execute (from 'Makefile', line 69):
	$(DEL) $(DEP)

clean:
#  Phony target (prerequisite of .PHONY).
#  Implicit rule search has not been done.
#  File does not exist.
#  File has not been updated.
#  recipe to execute (from 'Makefile', line 53):
	$(RM) $(DELOBJ) $(DEP) $(APPNAME)

doc.d: /home/iaa/Desktop/gitStore/MFR2021/Chapter21/p1172bitDeskOfCards/doc.cpp
#  Implicit rule search has been done.
#  Implicit/static pattern stem: 'doc'
#  Last modified 2022-08-23 14:08:54.52697912
#  File has been updated.
#  Successfully updated.
#  recipe to execute (from 'Makefile', line 40):
	@$(CPP) $(CFLAGS) $< -MM -MT $(@:%.d=$(OBJDIR)/%.o) >$@

doc: obj/doc.o obj/DeskOfCards.o
#  Implicit rule search has not been done.
#  Last modified 2022-08-23 13:59:44.242511935
#  File has been updated.
#  Needs to be updated (-q is set).
# variable set hash-table stats:
# Load=0/32=0%, Rehash=0, Collisions=0/5=0%
#  recipe to execute (from 'Makefile', line 36):
	$(CC) $(CXXFLAGS) -o $@ $^ $(LDFLAGS)

obj/DeskOfCards.o: /home/iaa/Desktop/gitStore/MFR2021/Chapter21/p1172bitDeskOfCards/DeskOfCards.cpp /home/iaa/Desktop/gitStore/MFR2021/Chapter21/p1172bitDeskOfCards/DeskOfCards.h
#  Implicit rule search has not been done.
#  Modification time never checked.
#  File has not been updated.

# files hash-table stats:
# Load=17/1024=2%, Rehash=0, Collisions=0/59=0%
# VPATH Search Paths

# No 'vpath' search paths.

# No general ('VPATH' variable) search path.

# strcache buffers: 1 (0) / strings = 32 / storage = 620 B / avg = 19 B
# current buf: size = 8162 B / used = 620 B / count = 32 / avg = 19 B

# strcache performance: lookups = 74 / hit rate = 56%
# hash-table stats:
# Load=32/8192=0%, Rehash=0, Collisions=1/74=1%
# Finished Make data base on Tue Aug 23 14:08:55 2022

 
